D, [2017-07-15T18:25:12.417390 #8380] DEBUG -- :   [1m[36m (0.5ms)[0m  [1mCREATE DATABASE "postblog_production" ENCODING = 'utf8'[0m
D, [2017-07-15T18:25:27.157832 #8398] DEBUG -- :   [1m[36mSQL (0.6ms)[0m  [1mCREATE EXTENSION IF NOT EXISTS "plpgsql"[0m
D, [2017-07-15T18:25:27.293931 #8398] DEBUG -- :   [1m[35m (124.9ms)[0m  CREATE TABLE "ckeditor_assets" ("id" serial primary key, "data_file_name" character varying NOT NULL, "data_content_type" character varying, "data_file_size" integer, "data_fingerprint" character varying, "assetable_id" integer, "assetable_type" character varying(30), "type" character varying(30), "width" integer, "height" integer, "created_at" timestamp NOT NULL, "updated_at" timestamp NOT NULL) 
D, [2017-07-15T18:25:27.360577 #8398] DEBUG -- :   [1m[36m (59.3ms)[0m  [1mCREATE  INDEX  "idx_ckeditor_assetable" ON "ckeditor_assets" USING btree ("assetable_type", "assetable_id")[0m
D, [2017-07-15T18:25:27.426483 #8398] DEBUG -- :   [1m[35m (59.4ms)[0m  CREATE  INDEX  "idx_ckeditor_assetable_type" ON "ckeditor_assets" USING btree ("assetable_type", "type", "assetable_id")
D, [2017-07-15T18:25:27.526909 #8398] DEBUG -- :   [1m[36m (98.8ms)[0m  [1mCREATE TABLE "comments" ("id" serial primary key, "post_id" integer NOT NULL, "body" text NOT NULL, "name" character varying, "created_at" timestamp NOT NULL, "updated_at" timestamp NOT NULL) [0m
D, [2017-07-15T18:25:27.649872 #8398] DEBUG -- :   [1m[35m (120.7ms)[0m  CREATE TABLE "event_portfolios" ("id" serial primary key, "event_name" character varying NOT NULL, "organization_name" character varying NOT NULL, "event_date" date NOT NULL, "event_start" time NOT NULL, "event_end" time NOT NULL, "event_loc" character varying NOT NULL, "coordinator_name" character varying NOT NULL, "description" character varying NOT NULL, "participants" character varying NOT NULL, "highlights" character varying[] NOT NULL, "avatar_file_name" character varying NOT NULL, "avatar_content_type" character varying NOT NULL, "avatar_file_size" integer NOT NULL, "avatar_updated_at" timestamp NOT NULL, "created_at" timestamp NOT NULL, "updated_at" timestamp NOT NULL) 
D, [2017-07-15T18:25:27.761129 #8398] DEBUG -- :   [1m[36m (106.5ms)[0m  [1mCREATE TABLE "events" ("id" serial primary key, "name" character varying, "scheduled_at" timestamp, "duration" integer, "location" character varying, "coordinator_name" character varying, "coordinator_email" character varying, "coordinator_phone" character varying, "moto" text, "who_can_participate" text, "event_cost" character varying, "user_id" integer, "created_at" timestamp NOT NULL, "updated_at" timestamp NOT NULL) [0m
D, [2017-07-15T18:25:27.872740 #8398] DEBUG -- :   [1m[35m (106.8ms)[0m  CREATE TABLE "organizations" ("id" serial primary key, "name" character varying NOT NULL, "head_name" character varying NOT NULL, "address" character varying, "city" character varying, "state" character varying, "country" character varying, "pin_code" character varying, "status" character varying, "user_id" integer, "created_at" timestamp NOT NULL, "updated_at" timestamp NOT NULL) 
D, [2017-07-15T18:25:27.962300 #8398] DEBUG -- :   [1m[36m (85.2ms)[0m  [1mCREATE TABLE "participants" ("id" serial primary key, "event_id" integer NOT NULL, "name" character varying NOT NULL, "phone" character varying NOT NULL, "email" character varying, "address" text NOT NULL, "created_at" timestamp NOT NULL, "updated_at" timestamp NOT NULL) [0m
D, [2017-07-15T18:25:28.061873 #8398] DEBUG -- :   [1m[35m (95.4ms)[0m  CREATE TABLE "problem_categories" ("id" serial primary key, "name_category" character varying NOT NULL, "created_at" timestamp NOT NULL, "updated_at" timestamp NOT NULL) 
D, [2017-07-15T18:25:28.151908 #8398] DEBUG -- :   [1m[36m (88.1ms)[0m  [1mCREATE TABLE "problem_posts" ("id" serial primary key, "title" character varying NOT NULL, "category_name" character varying NOT NULL, "category_id" integer NOT NULL, "content" text NOT NULL, "name" character varying NOT NULL, "created_at" timestamp NOT NULL, "updated_at" timestamp NOT NULL) [0m
D, [2017-07-15T18:25:28.274508 #8398] DEBUG -- :   [1m[35m (92.5ms)[0m  CREATE TABLE "users" ("id" serial primary key, "email" character varying DEFAULT '' NOT NULL, "encrypted_password" character varying DEFAULT '' NOT NULL, "reset_password_token" character varying, "reset_password_sent_at" timestamp, "remember_created_at" timestamp, "sign_in_count" integer DEFAULT 0 NOT NULL, "current_sign_in_at" timestamp, "last_sign_in_at" timestamp, "current_sign_in_ip" inet, "last_sign_in_ip" inet, "first_name" character varying, "last_name" character varying, "phone_no" character varying, "roles_mask" integer, "created_at" timestamp NOT NULL, "updated_at" timestamp NOT NULL, "profession" character varying, "why_you_joining" character varying, "how_much_time" character varying) 
D, [2017-07-15T18:25:28.329689 #8398] DEBUG -- :   [1m[36m (48.1ms)[0m  [1mCREATE UNIQUE INDEX  "index_users_on_email" ON "users" USING btree ("email")[0m
D, [2017-07-15T18:25:28.396445 #8398] DEBUG -- :   [1m[35m (62.7ms)[0m  CREATE UNIQUE INDEX  "index_users_on_reset_password_token" ON "users" USING btree ("reset_password_token")
D, [2017-07-15T18:25:28.518984 #8398] DEBUG -- :   [1m[36m (118.1ms)[0m  [1mCREATE TABLE "volunteers" ("id" serial primary key, "first_name" character varying, "last_name" character varying, "email" character varying, "phone_no" character varying, "profession" character varying, "why_you_joining" text, "time_contribution" character varying, "organization_id" integer, "created_at" timestamp NOT NULL, "updated_at" timestamp NOT NULL) [0m
D, [2017-07-15T18:25:28.586169 #8398] DEBUG -- :   [1m[35m (62.1ms)[0m  CREATE TABLE "schema_migrations" ("version" character varying NOT NULL) 
D, [2017-07-15T18:25:28.652143 #8398] DEBUG -- :   [1m[36m (59.8ms)[0m  [1mCREATE UNIQUE INDEX  "unique_schema_migrations" ON "schema_migrations"  ("version")[0m
D, [2017-07-15T18:25:28.653710 #8398] DEBUG -- :   [1m[35m (1.1ms)[0m  SELECT version FROM "schema_migrations"
D, [2017-07-15T18:25:28.663611 #8398] DEBUG -- :   [1m[36m (9.0ms)[0m  [1mINSERT INTO "schema_migrations" (version) VALUES ('20170501162158')[0m
D, [2017-07-15T18:25:28.674381 #8398] DEBUG -- :   [1m[35m (10.0ms)[0m  INSERT INTO "schema_migrations" (version) VALUES ('20170501131549')
D, [2017-07-15T18:25:28.685801 #8398] DEBUG -- :   [1m[36m (11.1ms)[0m  [1mINSERT INTO "schema_migrations" (version) VALUES ('20170422132640')[0m
D, [2017-07-15T18:25:28.696970 #8398] DEBUG -- :   [1m[35m (10.7ms)[0m  INSERT INTO "schema_migrations" (version) VALUES ('20170426051140')
D, [2017-07-15T18:25:28.708037 #8398] DEBUG -- :   [1m[36m (10.5ms)[0m  [1mINSERT INTO "schema_migrations" (version) VALUES ('20170329033438')[0m
D, [2017-07-15T18:25:28.719427 #8398] DEBUG -- :   [1m[35m (10.8ms)[0m  INSERT INTO "schema_migrations" (version) VALUES ('20170402172300')
D, [2017-07-15T18:25:28.730534 #8398] DEBUG -- :   [1m[36m (10.4ms)[0m  [1mINSERT INTO "schema_migrations" (version) VALUES ('20170408144334')[0m
D, [2017-07-15T18:25:28.741653 #8398] DEBUG -- :   [1m[35m (10.4ms)[0m  INSERT INTO "schema_migrations" (version) VALUES ('20170329033446')
D, [2017-07-15T18:25:28.752395 #8398] DEBUG -- :   [1m[36m (10.1ms)[0m  [1mINSERT INTO "schema_migrations" (version) VALUES ('20170425033812')[0m
D, [2017-07-15T18:25:28.763896 #8398] DEBUG -- :   [1m[35m (10.8ms)[0m  INSERT INTO "schema_migrations" (version) VALUES ('20170415141233')
D, [2017-07-15T18:25:28.774992 #8398] DEBUG -- :   [1m[36m (10.4ms)[0m  [1mINSERT INTO "schema_migrations" (version) VALUES ('20170424181625')[0m
D, [2017-07-15T18:25:35.637408 #8416] DEBUG -- :   [1m[36mActiveRecord::SchemaMigration Load (0.5ms)[0m  [1mSELECT "schema_migrations".* FROM "schema_migrations"[0m
